<?xml version="1.0" encoding="UTF-8"?>
<testng-results skipped="0" failed="0" total="1" passed="1">
  <reporter-output>
  </reporter-output>
  <suite name="TestModule1.TestBaidu" duration-ms="20878" started-at="2016-10-12T01:15:31Z" finished-at="2016-10-12T01:15:52Z">
    <groups>
    </groups>
    <test name="Command line test" duration-ms="20878" started-at="2016-10-12T01:15:31Z" finished-at="2016-10-12T01:15:52Z">
      <class name="TestModule1.TestBaidu">
        <test-method status="PASS" signature="setUp()[pri:0, instance:TestModule1.TestBaidu@522f46b8]" name="setUp" is-config="true" duration-ms="5500" started-at="2016-10-12T09:15:31Z" finished-at="2016-10-12T09:15:37Z">
          <reporter-output>
          </reporter-output>
        </test-method> <!-- setUp -->
        <test-method status="PASS" signature="testBaidu()[pri:0, instance:TestModule1.TestBaidu@522f46b8]" name="testBaidu" duration-ms="14034" started-at="2016-10-12T09:15:37Z" finished-at="2016-10-12T09:15:51Z">
          <reporter-output>
          </reporter-output>
        </test-method> <!-- testBaidu -->
        <test-method status="PASS" signature="tearDown()[pri:0, instance:TestModule1.TestBaidu@522f46b8]" name="tearDown" is-config="true" duration-ms="1336" started-at="2016-10-12T09:15:51Z" finished-at="2016-10-12T09:15:52Z">
          <reporter-output>
          </reporter-output>
        </test-method> <!-- tearDown -->
      </class> <!-- TestModule1.TestBaidu -->
    </test> <!-- Command line test -->
  </suite> <!-- TestModule1.TestBaidu -->
</testng-results>
