<?xml version="1.0" encoding="UTF-8"?>
<testng-results skipped="0" failed="0" total="2" passed="2">
  <reporter-output>
  </reporter-output>
  <suite name="Default suite" duration-ms="57413" started-at="2016-10-12T08:34:27Z" finished-at="2016-10-12T08:35:25Z">
    <groups>
    </groups>
    <test name="Default test" duration-ms="57413" started-at="2016-10-12T08:34:27Z" finished-at="2016-10-12T08:35:25Z">
      <class name="TestModule3.TestMutipleThreads">
        <test-method status="PASS" signature="test126mail()[pri:0, instance:TestModule3.TestMutipleThreads@29fb6448]" name="test126mail" duration-ms="10117" started-at="2016-10-12T16:34:27Z" finished-at="2016-10-12T16:34:37Z">
          <reporter-output>
          </reporter-output>
        </test-method> <!-- test126mail -->
        <test-method status="PASS" signature="testBaidu()[pri:0, instance:TestModule3.TestMutipleThreads@29fb6448]" name="testBaidu" duration-ms="57401" started-at="2016-10-12T16:34:27Z" finished-at="2016-10-12T16:35:25Z">
          <reporter-output>
          </reporter-output>
        </test-method> <!-- testBaidu -->
      </class> <!-- TestModule3.TestMutipleThreads -->
    </test> <!-- Default test -->
  </suite> <!-- Default suite -->
</testng-results>
