<?xml version="1.0" encoding="UTF-8"?>
<testng-results skipped="0" failed="0" total="1" passed="1">
  <reporter-output>
  </reporter-output>
  <suite name="Default suite" duration-ms="11927" started-at="2016-10-12T01:05:54Z" finished-at="2016-10-12T01:06:06Z">
    <groups>
    </groups>
    <test name="Default test" duration-ms="11927" started-at="2016-10-12T01:05:54Z" finished-at="2016-10-12T01:06:06Z">
      <class name="TestModule2.TestSogou">
        <test-method status="PASS" signature="setUp()[pri:0, instance:TestModule2.TestSogou@dacf27]" name="setUp" is-config="true" duration-ms="5254" started-at="2016-10-12T09:05:54Z" finished-at="2016-10-12T09:05:59Z">
          <reporter-output>
          </reporter-output>
        </test-method> <!-- setUp -->
        <test-method status="PASS" signature="testBaidu()[pri:0, instance:TestModule2.TestSogou@dacf27]" name="testBaidu" duration-ms="5695" started-at="2016-10-12T09:05:59Z" finished-at="2016-10-12T09:06:05Z">
          <reporter-output>
          </reporter-output>
        </test-method> <!-- testBaidu -->
        <test-method status="PASS" signature="tearDown()[pri:0, instance:TestModule2.TestSogou@dacf27]" name="tearDown" is-config="true" duration-ms="967" started-at="2016-10-12T09:06:05Z" finished-at="2016-10-12T09:06:06Z">
          <reporter-output>
          </reporter-output>
        </test-method> <!-- tearDown -->
      </class> <!-- TestModule2.TestSogou -->
    </test> <!-- Default test -->
  </suite> <!-- Default suite -->
</testng-results>
