<?xml version="1.0" encoding="UTF-8"?>
<testng-results skipped="0" failed="0" total="1" passed="1">
  <reporter-output>
  </reporter-output>
  <suite name="Command line suite" duration-ms="5" started-at="2016-10-12T00:48:19Z" finished-at="2016-10-12T00:48:19Z">
    <groups>
    </groups>
    <test name="Command line test" duration-ms="5" started-at="2016-10-12T00:48:19Z" finished-at="2016-10-12T00:48:19Z">
      <class name="com.test.demo.AppTest">
        <test-method status="PASS" signature="testApp()[pri:0, instance:testApp(com.test.demo.AppTest)]" name="testApp" duration-ms="0" started-at="2016-10-12T08:48:19Z" finished-at="2016-10-12T08:48:19Z">
          <reporter-output>
          </reporter-output>
        </test-method> <!-- testApp -->
      </class> <!-- com.test.demo.AppTest -->
    </test> <!-- Command line test -->
  </suite> <!-- Command line suite -->
</testng-results>
