<?xml version="1.0" encoding="UTF-8"?>
<!-- Generated by org.testng.reporters.JUnitXMLReporter -->
<testsuite hostname="d1-wenbing-zhu" name="Command line test" tests="4" failures="0" timestamp="12 Oct 2016 08:54:00 GMT" time="54.918" errors="0">
  <testcase name="testBaidu" time="3.469" classname="TestModule1.TestBaidu"/>
  <testcase name="testBaidu" time="9.769" classname="TestModule2.TestSogou"/>
  <testcase name="testBaidu" time="6.957" classname="TestModule3.TestSogou"/>
  <testcase name="testBaidu" time="54.908" classname="TestModule3.TestMutipleThreads"/>
</testsuite> <!-- Command line test -->
